⇒  vagrant up
Bringing machine 'lbcer' up with 'virtualbox' provider...
Bringing machine 'dev01' up with 'virtualbox' provider...
Bringing machine 'dev02' up with 'virtualbox' provider...
Bringing machine 'db01' up with 'virtualbox' provider...
Bringing machine 'db02' up with 'virtualbox' provider...
==> lbcer: Importing base box 'bento/centos-7.2'...
==> lbcer: Matching MAC address for NAT networking...
==> lbcer: Checking if box 'bento/centos-7.2' is up to date...
==> lbcer: Setting the name of the VM: ansible_vagrant_mm_lbcer_1492719230746_5911
==> lbcer: Clearing any previously set network interfaces...
==> lbcer: Preparing network interfaces based on configuration...
    lbcer: Adapter 1: nat
    lbcer: Adapter 2: hostonly
==> lbcer: Forwarding ports...
    lbcer: 22 (guest) => 2222 (host) (adapter 1)
==> lbcer: Booting VM...
==> lbcer: Waiting for machine to boot. This may take a few minutes...
    lbcer: SSH address: 127.0.0.1:2222
    lbcer: SSH username: vagrant
    lbcer: SSH auth method: private key
    lbcer: Warning: Remote connection disconnect. Retrying...
    lbcer: Warning: Remote connection disconnect. Retrying...
    lbcer: Warning: Remote connection disconnect. Retrying...
    lbcer:
    lbcer: Vagrant insecure key detected. Vagrant will automatically replace
    lbcer: this with a newly generated keypair for better security.
    lbcer:
    lbcer: Inserting generated public key within guest...
    lbcer: Removing insecure key from the guest if it's present...
    lbcer: Key inserted! Disconnecting and reconnecting using new SSH key...
==> lbcer: Machine booted and ready!
==> lbcer: Checking for guest additions in VM...
==> lbcer: Setting hostname...
==> lbcer: Configuring and enabling network interfaces...
==> lbcer: Mounting shared folders...
    lbcer: /vagrant => /Users/stephenn/Documents/AMDOCS/Safari Online Trainings/Introduction to Ansible/ansible_vagrant_mm
==> dev01: Importing base box 'bento/centos-7.2'...
==> dev01: Matching MAC address for NAT networking...
==> dev01: Checking if box 'bento/centos-7.2' is up to date...
==> dev01: Setting the name of the VM: ansible_vagrant_mm_dev01_1492719303620_72607
==> dev01: Fixed port collision for 22 => 2222. Now on port 2200.
==> dev01: Clearing any previously set network interfaces...
==> dev01: Preparing network interfaces based on configuration...
    dev01: Adapter 1: nat
    dev01: Adapter 2: hostonly
==> dev01: Forwarding ports...
    dev01: 22 (guest) => 2200 (host) (adapter 1)
==> dev01: Booting VM...
==> dev01: Waiting for machine to boot. This may take a few minutes...
    dev01: SSH address: 127.0.0.1:2200
    dev01: SSH username: vagrant
    dev01: SSH auth method: private key
    dev01: Warning: Remote connection disconnect. Retrying...
    dev01: Warning: Remote connection disconnect. Retrying...
    dev01: Warning: Remote connection disconnect. Retrying...
    dev01:
    dev01: Vagrant insecure key detected. Vagrant will automatically replace
    dev01: this with a newly generated keypair for better security.
    dev01:
    dev01: Inserting generated public key within guest...
    dev01: Removing insecure key from the guest if it's present...
    dev01: Key inserted! Disconnecting and reconnecting using new SSH key...
==> dev01: Machine booted and ready!
==> dev01: Checking for guest additions in VM...
==> dev01: Setting hostname...
==> dev01: Configuring and enabling network interfaces...
==> dev01: Mounting shared folders...
    dev01: /vagrant => /Users/stephenn/Documents/AMDOCS/Safari Online Trainings/Introduction to Ansible/ansible_vagrant_mm
==> dev02: Importing base box 'bento/centos-7.2'...
==> dev02: Matching MAC address for NAT networking...
==> dev02: Checking if box 'bento/centos-7.2' is up to date...
==> dev02: Setting the name of the VM: ansible_vagrant_mm_dev02_1492719380389_26165
==> dev02: Fixed port collision for 22 => 2222. Now on port 2201.
==> dev02: Clearing any previously set network interfaces...
==> dev02: Preparing network interfaces based on configuration...
    dev02: Adapter 1: nat
    dev02: Adapter 2: hostonly
==> dev02: Forwarding ports...
    dev02: 22 (guest) => 2201 (host) (adapter 1)
==> dev02: Booting VM...
==> dev02: Waiting for machine to boot. This may take a few minutes...
    dev02: SSH address: 127.0.0.1:2201
    dev02: SSH username: vagrant
    dev02: SSH auth method: private key
    dev02: Warning: Remote connection disconnect. Retrying...
    dev02: Warning: Remote connection disconnect. Retrying...
    dev02: Warning: Remote connection disconnect. Retrying...
    dev02:
    dev02: Vagrant insecure key detected. Vagrant will automatically replace
    dev02: this with a newly generated keypair for better security.
    dev02:
    dev02: Inserting generated public key within guest...
    dev02: Removing insecure key from the guest if it's present...
    dev02: Key inserted! Disconnecting and reconnecting using new SSH key...
==> dev02: Machine booted and ready!
==> dev02: Checking for guest additions in VM...
==> dev02: Setting hostname...
==> dev02: Configuring and enabling network interfaces...
==> dev02: Mounting shared folders...
    dev02: /vagrant => /Users/stephenn/Documents/AMDOCS/Safari Online Trainings/Introduction to Ansible/ansible_vagrant_mm
==> db01: Importing base box 'bento/centos-7.2'...
==> db01: Matching MAC address for NAT networking...
==> db01: Checking if box 'bento/centos-7.2' is up to date...
==> db01: Setting the name of the VM: ansible_vagrant_mm_db01_1492719460010_48652
==> db01: Fixed port collision for 22 => 2222. Now on port 2202.
==> db01: Clearing any previously set network interfaces...
==> db01: Preparing network interfaces based on configuration...
    db01: Adapter 1: nat
    db01: Adapter 2: hostonly
==> db01: Forwarding ports...
    db01: 22 (guest) => 2202 (host) (adapter 1)
==> db01: Booting VM...
==> db01: Waiting for machine to boot. This may take a few minutes...
    db01: SSH address: 127.0.0.1:2202
    db01: SSH username: vagrant
    db01: SSH auth method: private key
    db01: Warning: Remote connection disconnect. Retrying...
    db01: Warning: Remote connection disconnect. Retrying...
    db01: Warning: Remote connection disconnect. Retrying...
    db01:
    db01: Vagrant insecure key detected. Vagrant will automatically replace
    db01: this with a newly generated keypair for better security.
    db01:
    db01: Inserting generated public key within guest...
    db01: Removing insecure key from the guest if it's present...
    db01: Key inserted! Disconnecting and reconnecting using new SSH key...
==> db01: Machine booted and ready!
==> db01: Checking for guest additions in VM...
==> db01: Setting hostname...
==> db01: Configuring and enabling network interfaces...
==> db01: Mounting shared folders...
    db01: /vagrant => /Users/stephenn/Documents/AMDOCS/Safari Online Trainings/Introduction to Ansible/ansible_vagrant_mm
==> db02: Importing base box 'bento/centos-7.2'...
==> db02: Matching MAC address for NAT networking...
==> db02: Checking if box 'bento/centos-7.2' is up to date...
==> db02: Setting the name of the VM: ansible_vagrant_mm_db02_1492719547243_30890
==> db02: Fixed port collision for 22 => 2222. Now on port 2203.
==> db02: Clearing any previously set network interfaces...
==> db02: Preparing network interfaces based on configuration...
    db02: Adapter 1: nat
    db02: Adapter 2: hostonly
==> db02: Forwarding ports...
    db02: 22 (guest) => 2203 (host) (adapter 1)
==> db02: Booting VM...
==> db02: Waiting for machine to boot. This may take a few minutes...
    db02: SSH address: 127.0.0.1:2203
    db02: SSH username: vagrant
    db02: SSH auth method: private key
    db02: Warning: Remote connection disconnect. Retrying...
    db02: Warning: Remote connection disconnect. Retrying...
    db02: Warning: Remote connection disconnect. Retrying...
    db02:
    db02: Vagrant insecure key detected. Vagrant will automatically replace
    db02: this with a newly generated keypair for better security.
    db02:
    db02: Inserting generated public key within guest...
    db02: Removing insecure key from the guest if it's present...
    db02: Key inserted! Disconnecting and reconnecting using new SSH key...
==> db02: Machine booted and ready!
==> db02: Checking for guest additions in VM...
==> db02: Setting hostname...
==> db02: Configuring and enabling network interfaces...
==> db02: Mounting shared folders...
    db02: /vagrant => /Users/stephenn/Documents/AMDOCS/Safari Online Trainings/Introduction to Ansible/ansible_vagrant_mm